

=====================================================================
== C:\program files (x86)\steam\steamapps\common\arma 2 operation arrowhead\Expansion\beta\arma2oaserver.exe
== "C:\program files (x86)\steam\steamapps\common\arma 2 operation arrowhead\Expansion\beta\arma2oaserver.exe" -mod=EXPANSION\beta;EXPANSION\beta\Expansion;EXPANSION;ca;@DayZ_Epoch1042;3195\@bliss -port=3136 -profiles=3195 -config=3195\server-hDPxF.cfg -cfg=3195\arma2.cfg -name=cfgdayzDEFAULT -world=Chernarus -cpuCount=2 -exThreads=1 -noSound
=====================================================================
Exe timestamp: 2014/06/01 10:01:31
Current time:  2014/07/04 02:19:33

Version 1.63.112555
Item STR_EPOCH_BULK_DESC_MP5SD listed twice
Item STR_ACTIONS_BUILD listed twice
Item STR_EQUIP_NAME_41 listed twice
Item STR_EQUIP_DESC_41 listed twice
Updating base class ->NonStrategic, by Ca\config.bin/CfgVehicles/HouseBase/
Updating base class ->HouseBase, by Ca\config.bin/CfgVehicles/Ruins/
Updating base class ->DestructionEffects, by Ca\config.bin/CfgVehicles/House/DestructionEffects/
Updating base class ->FlagCarrierCore, by ca\ca_pmc\config.bin/CfgVehicles/FlagCarrier/
Updating base class ->VehicleMagazine, by ca\weapons\config.bin/CfgMagazines/14Rnd_FFAR/
Updating base class ->PistolCore, by ca\weapons\config.bin/cfgWeapons/Pistol/
Updating base class ->LauncherCore, by ca\weapons\config.bin/cfgWeapons/RocketPods/
Updating base class ->RocketPods, by ca\weapons\config.bin/cfgWeapons/FFARLauncher/
Updating base class ->Default, by ca\weapons\config.bin/cfgWeapons/ItemCore/
Updating base class ->Citizen, by ca\characters2\config.bin/CfgVehicles/Citizen1/
Updating base class ->SkodaBase, by ca\wheeled\config.bin/CfgVehicles/car_sedan/
Updating base class ->House, by ca\misc3\config.bin/CfgVehicles/Land_Fire/
Updating base class ->House, by ca\misc3\config.bin/CfgVehicles/Land_A_tent/
Updating base class ->Camp_base, by ca\misc3\config.bin/CfgVehicles/ACamp/
Updating base class ->Car, by ca\wheeled2\lada\config.bin/CfgVehicles/Lada_base/
Updating base class StreetLamp_EP1->StreetLamp, by z\addons\dayz_code\config.bin/CfgNonAIVehicles/Land_Lamp_Small_EP1/
Updating base class StreetLamp_EP1->StreetLamp, by z\addons\dayz_code\config.bin/CfgNonAIVehicles/Land_Lamp_Street1_EP1/
Updating base class StreetLamp_EP1->StreetLamp, by z\addons\dayz_code\config.bin/CfgNonAIVehicles/Land_Lamp_Street2_EP1/
Updating base class StreetLamp_EP1->StreetLamp, by z\addons\dayz_code\config.bin/CfgNonAIVehicles/Land_Lampa_Ind_EP1/
Updating base class StreetLamp_EP1->StreetLamp, by z\addons\dayz_code\config.bin/CfgNonAIVehicles/Land_PowLines_Conc2L_EP1/
Updating base class StreetLamp_BaseMediumOrange->StreetLamp, by z\addons\dayz_code\config.bin/CfgNonAIVehicles/Land_lampa_sidl/
Updating base class StreetLamp_BaseMediumOrange->StreetLamp, by z\addons\dayz_code\config.bin/CfgNonAIVehicles/Land_lampa_sidl_2/
Updating base class StreetLamp_BaseMediumOrange->StreetLamp, by z\addons\dayz_code\config.bin/CfgNonAIVehicles/Land_lampa_sidl_3/
Updating base class StreetLamp_BaseWeakYellow->StreetLamp, by z\addons\dayz_code\config.bin/CfgNonAIVehicles/Land_lampa_ind/
Updating base class StreetLamp_BaseWeakYellow->StreetLamp, by z\addons\dayz_code\config.bin/CfgNonAIVehicles/Land_lampa_ind_zebr/
Updating base class RscStandardDisplay->, by z\addons\dayz_code\config.bin/RscDisplayStart/
Cannot delete class CA_DebriefingInfo, it is referenced somewhere (used as a base class probably).
Cannot delete class CA_DebriefingInfo, it is referenced somewhere (used as a base class probably).
Updating base class RscShortcutButton->RscShortcutButtonMain, by z\addons\dayz_code\config.bin/RscDisplayMain/controls/CA_Exit/
Updating base class RscText->, by z\addons\dayz_code\config.bin/RscTitles/Default/
Updating base class zZombie_Base->zZombie_new_Base, by z\addons\dayz_code\config.bin/CfgVehicles/z_villager1/
Updating base class zZombie_Base->zZombie_new_Base, by z\addons\dayz_code\config.bin/CfgVehicles/z_worker1/
Updating base class Soldier_Crew_PMC->Soldier_Bodyguard_M4_PMC, by z\addons\dayz_code\config.bin/CfgVehicles/SurvivorW2_DZ/
Updating base class HighCommand->Logic, by z\addons\dayz_code\config.bin/CfgVehicles/HighCommandSubordinate/
Updating base class ->ViewOptics, by z\addons\dayz_code\config.bin/CfgVehicles/Mi17_base/Turrets/MainTurret/ViewOptics/
Updating base class HouseBase->, by z\addons\dayz_code\config.bin/CfgVehicles/House/
Updating base class NonStrategic->BuiltItems, by z\addons\dayz_code\config.bin/CfgVehicles/Fort_RazorWire/
Updating base class MeleeHatchet->MeleeWeapon, by z\addons\dayz_code\config.bin/CfgWeapons/MeleeCrowbar/
Updating base class VehicleMagazine->CA_Magazine, by z\addons\dayz_code\config.bin/CfgMagazines/29Rnd_30mm_AGS30/
Updating base class VehicleMagazine->CA_Magazine, by z\addons\dayz_code\config.bin/CfgMagazines/48Rnd_40mm_MK19/
Updating base class 4000Rnd_762x51_M134->CA_Magazine, by z\addons\dayz_code\config.bin/CfgMagazines/2000Rnd_762x51_M134/
Updating base class VehicleMagazine->CA_Magazine, by z\addons\dayz_code\config.bin/CfgMagazines/100Rnd_127x99_M2/
Updating base class VehicleMagazine->CA_Magazine, by z\addons\dayz_code\config.bin/CfgMagazines/50Rnd_127x107_DSHKM/
Updating base class Hatchet_Swing->Melee_Swing, by z\addons\dayz_code\config.bin/CfgMagazines/crowbar_swing/
Updating base class CA_Magazine->Melee_Swing, by z\addons\dayz_code\config.bin/CfgMagazines/Hatchet_Swing/
Updating base class ->Plane, by ca\air2\mv22\config.bin/CfgVehicles/MV22/
Updating base class ViewOptics->, by ca\air2\uh1y\config.bin/CfgVehicles/UH1_Base/Turrets/MainTurret/ViewOptics/
Updating base class ->HouseBase, by ca\misc_e\config.bin/CfgVehicles/House/
Updating base class ->Land_CamoNet_EAST, by ca\misc_e\config.bin/CfgVehicles/Land_CamoNet_EAST_EP1/
Updating base class ->Land_CamoNetB_EAST, by ca\misc_e\config.bin/CfgVehicles/Land_CamoNetB_EAST_EP1/
Updating base class ->Sign_1L_Noentry, by ca\misc_e\config.bin/CfgVehicles/Sign_1L_Noentry_EP1/
Updating base class ->Sign_circle, by ca\misc_e\config.bin/CfgVehicles/Helper_Base_EP1/
Updating base class ->Rifle, by ca\weapons_baf\config.bin/cfgWeapons/BAF_AS50_scoped/
Updating base class ->Rifle, by ca\weapons_e\config.bin/cfgWeapons/M60A4_EP1/
Updating base class ->M249, by ca\weapons_e\config.bin/cfgWeapons/M249_EP1/
Updating base class ->M249, by ca\weapons_e\config.bin/cfgWeapons/M249_m145_EP1/
Updating base class ->m107, by ca\weapons_e\m107\config.bin/CfgWeapons/m107_TWS_EP1/
Updating base class ->M240, by ca\weapons_e\m240\config.bin/CfgWeapons/m240_scoped_EP1/
Updating base class ->V3S_Base, by ca\wheeled_e\v3s\config.bin/CfgVehicles/V3S_Base_EP1/
Updating base class ->V3S_Base_EP1, by ca\wheeled_e\v3s\config.bin/CfgVehicles/V3S_Refuel_TK_GUE_EP1/
Updating base class House->DZE_OpenHouse, by warehouse\config.bin/CfgVehicles/Land_Ind_Pec_03/
Updating base class ->Helicopter, by ca\air_e\ah6j\config.bin/CfgVehicles/AH6_Base_EP1/
Updating base class ->Plane, by ca\air_e\an2\config.bin/CfgVehicles/An2_Base_EP1/
Updating base class ->CH47_base_EP1, by ca\air_e\ch47\config.bin/CfgVehicles/CH_47F_EP1/
Updating base class ViewOptics->, by ca\air_e\uh1h\config.bin/CfgVehicles/UH1H_base/Turrets/MainTurret/ViewOptics/
Updating base class ->Soldier_Base_PMC, by ca\characters_pmc\config.bin/cfgVehicles/Soldier_Crew_PMC/
Updating base class ->Soldier_Base_PMC, by ca\characters_pmc\config.bin/cfgVehicles/Soldier_TL_PMC/
Updating base class ->Soldier_Base_PMC, by ca\characters_pmc\config.bin/cfgVehicles/Soldier_Bodyguard_M4_PMC/
Updating base class ->Soldier_Base_PMC, by ca\characters_pmc\config.bin/cfgVehicles/Soldier_Bodyguard_AA12_PMC/
Updating base class ->BAF_Soldier_MTP, by ca\characters_w_baf\config.bin/CfgVehicles/BAF_Soldier_W/
Updating base class ->BAF_Soldier_L_MTP, by ca\characters_w_baf\config.bin/CfgVehicles/BAF_Soldier_L_W/
Updating base class ->BAF_Soldier_Officer_MTP, by ca\characters_w_baf\config.bin/CfgVehicles/BAF_Soldier_Officer_W/
Updating base class ->BAF_Soldier_SniperH_MTP, by ca\characters_w_baf\config.bin/CfgVehicles/BAF_Soldier_SniperH_W/
Updating base class ->M113Ambul_Base, by ca\tracked_e\m113\config.bin/CfgVehicles/M113Ambul_UN_EP1/
Updating base class ->M113_Base, by ca\tracked_e\m113\config.bin/CfgVehicles/M113_UN_EP1/
Updating base class ->M113Ambul_Base, by ca\tracked_e\m113\config.bin/CfgVehicles/M113Ambul_TK_EP1/
Updating base class ->M113_Base, by ca\tracked_e\m113\config.bin/CfgVehicles/M113_TK_EP1/
Updating base class ->Helicopter, by ca\air_d_baf\config.bin/CfgVehicles/BAF_Merlin_HC3_D/
Obsolete class Animations defined in bin\config.bin/RscCompass/
Obsolete class Animations defined in bin\config.bin/RscWatch/
 3:37:58 NAT Negotiation completed
 3:43:40 Strange convex component288 in warehouse\models\warehouse.p3d:geometry
 3:43:40 Strange convex component289 in warehouse\models\warehouse.p3d:geometry
 3:43:40 Strange convex component290 in warehouse\models\warehouse.p3d:geometry
 3:43:40 Strange convex component291 in warehouse\models\warehouse.p3d:geometry
 3:43:40 Strange convex component292 in warehouse\models\warehouse.p3d:geometry
 3:43:40 Strange convex component293 in warehouse\models\warehouse.p3d:geometry
 3:43:40 Strange convex component294 in warehouse\models\warehouse.p3d:geometry
 3:43:40 Strange convex component295 in warehouse\models\warehouse.p3d:geometry
 3:43:40 Strange convex component296 in warehouse\models\warehouse.p3d:geometry
 3:43:40 Strange convex component297 in warehouse\models\warehouse.p3d:geometry
 3:43:40 Strange convex component298 in warehouse\models\warehouse.p3d:geometry
 3:43:40 Strange convex component299 in warehouse\models\warehouse.p3d:geometry
 3:43:40 Strange convex component300 in warehouse\models\warehouse.p3d:geometry
 3:43:40 Strange convex component301 in warehouse\models\warehouse.p3d:geometry
 3:43:40 Strange convex component302 in warehouse\models\warehouse.p3d:geometry
 3:43:40 Strange convex component303 in warehouse\models\warehouse.p3d:geometry
 3:43:40 Strange convex component304 in warehouse\models\warehouse.p3d:geometry
 3:43:40 Strange convex component305 in warehouse\models\warehouse.p3d:geometry
 3:43:40 Strange convex component306 in warehouse\models\warehouse.p3d:geometry
 3:43:40 Strange convex component307 in warehouse\models\warehouse.p3d:geometry
 3:43:40 Strange convex component308 in warehouse\models\warehouse.p3d:geometry
 3:43:40 Strange convex component309 in warehouse\models\warehouse.p3d:geometry
 3:43:40 Strange convex component310 in warehouse\models\warehouse.p3d:geometry
 3:43:40 Strange convex component311 in warehouse\models\warehouse.p3d:geometry
 3:43:40 Strange convex component312 in warehouse\models\warehouse.p3d:geometry
 3:43:40 Strange convex component313 in warehouse\models\warehouse.p3d:geometry
 3:43:40 Strange convex component314 in warehouse\models\warehouse.p3d:geometry
 3:43:40 Strange convex component315 in warehouse\models\warehouse.p3d:geometry
 3:43:40 Strange convex component316 in warehouse\models\warehouse.p3d:geometry
 3:43:40 Strange convex component317 in warehouse\models\warehouse.p3d:geometry
 3:43:40 Strange convex component252 in warehouse\models\warehouse.p3d:geometryFire
 3:43:40 Strange convex component253 in warehouse\models\warehouse.p3d:geometryFire
 3:43:40 Strange convex component254 in warehouse\models\warehouse.p3d:geometryFire
 3:43:40 Strange convex component255 in warehouse\models\warehouse.p3d:geometryFire
 3:43:40 Strange convex component256 in warehouse\models\warehouse.p3d:geometryFire
 3:43:40 Strange convex component257 in warehouse\models\warehouse.p3d:geometryFire
 3:43:40 Strange convex component258 in warehouse\models\warehouse.p3d:geometryFire
 3:43:40 Strange convex component259 in warehouse\models\warehouse.p3d:geometryFire
 3:43:40 Strange convex component260 in warehouse\models\warehouse.p3d:geometryFire
 3:43:40 Strange convex component261 in warehouse\models\warehouse.p3d:geometryFire
 3:43:40 Strange convex component262 in warehouse\models\warehouse.p3d:geometryFire
 3:43:40 Strange convex component263 in warehouse\models\warehouse.p3d:geometryFire
 3:43:40 Strange convex component264 in warehouse\models\warehouse.p3d:geometryFire
 3:43:40 Strange convex component265 in warehouse\models\warehouse.p3d:geometryFire
 3:43:40 Strange convex component266 in warehouse\models\warehouse.p3d:geometryFire
 3:43:40 Strange convex component267 in warehouse\models\warehouse.p3d:geometryFire
 3:43:40 Strange convex component268 in warehouse\models\warehouse.p3d:geometryFire
 3:43:40 Strange convex component269 in warehouse\models\warehouse.p3d:geometryFire
 3:43:40 Strange convex component270 in warehouse\models\warehouse.p3d:geometryFire
 3:43:40 Strange convex component271 in warehouse\models\warehouse.p3d:geometryFire
 3:43:40 Strange convex component272 in warehouse\models\warehouse.p3d:geometryFire
 3:43:40 Strange convex component273 in warehouse\models\warehouse.p3d:geometryFire
 3:43:40 Strange convex component274 in warehouse\models\warehouse.p3d:geometryFire
 3:43:40 Strange convex component275 in warehouse\models\warehouse.p3d:geometryFire
 3:43:40 Strange convex component276 in warehouse\models\warehouse.p3d:geometryFire
 3:43:40 Strange convex component277 in warehouse\models\warehouse.p3d:geometryFire
 3:43:40 Strange convex component278 in warehouse\models\warehouse.p3d:geometryFire
 3:43:40 Strange convex component279 in warehouse\models\warehouse.p3d:geometryFire
 3:43:40 Strange convex component280 in warehouse\models\warehouse.p3d:geometryFire
 3:43:40 Strange convex component281 in warehouse\models\warehouse.p3d:geometryFire
 3:43:40 Strange convex component249 in warehouse\models\warehouse.p3d:geometryView
 3:43:40 Strange convex component250 in warehouse\models\warehouse.p3d:geometryView
 3:43:40 Strange convex component251 in warehouse\models\warehouse.p3d:geometryView
 3:43:40 Strange convex component252 in warehouse\models\warehouse.p3d:geometryView
 3:43:40 Strange convex component253 in warehouse\models\warehouse.p3d:geometryView
 3:43:40 Strange convex component254 in warehouse\models\warehouse.p3d:geometryView
 3:43:40 Strange convex component255 in warehouse\models\warehouse.p3d:geometryView
 3:43:40 Strange convex component256 in warehouse\models\warehouse.p3d:geometryView
 3:43:40 Strange convex component257 in warehouse\models\warehouse.p3d:geometryView
 3:43:40 Strange convex component258 in warehouse\models\warehouse.p3d:geometryView
 3:43:40 Strange convex component259 in warehouse\models\warehouse.p3d:geometryView
 3:43:40 Strange convex component260 in warehouse\models\warehouse.p3d:geometryView
 3:43:40 Strange convex component261 in warehouse\models\warehouse.p3d:geometryView
 3:43:40 Strange convex component262 in warehouse\models\warehouse.p3d:geometryView
 3:43:40 Strange convex component263 in warehouse\models\warehouse.p3d:geometryView
 3:43:40 Strange convex component264 in warehouse\models\warehouse.p3d:geometryView
 3:43:40 Strange convex component265 in warehouse\models\warehouse.p3d:geometryView
 3:43:40 Strange convex component266 in warehouse\models\warehouse.p3d:geometryView
 3:43:40 Strange convex component267 in warehouse\models\warehouse.p3d:geometryView
 3:43:40 Strange convex component268 in warehouse\models\warehouse.p3d:geometryView
 3:43:40 Strange convex component269 in warehouse\models\warehouse.p3d:geometryView
 3:43:40 Strange convex component270 in warehouse\models\warehouse.p3d:geometryView
 3:43:40 Strange convex component271 in warehouse\models\warehouse.p3d:geometryView
 3:43:40 Strange convex component272 in warehouse\models\warehouse.p3d:geometryView
 3:43:40 Strange convex component273 in warehouse\models\warehouse.p3d:geometryView
 3:43:40 Strange convex component274 in warehouse\models\warehouse.p3d:geometryView
 3:43:40 Strange convex component275 in warehouse\models\warehouse.p3d:geometryView
 3:43:40 Strange convex component276 in warehouse\models\warehouse.p3d:geometryView
 3:43:40 Strange convex component277 in warehouse\models\warehouse.p3d:geometryView
 3:43:40 Strange convex component278 in warehouse\models\warehouse.p3d:geometryView
 3:43:48 Warning: looped for animation: ca\anims\characters\data\anim\sdr\mov\erc\wlk\non\non\amovpercmwlksnonwnondf.rtm differs (looped now 0)! MoveName: amovpercmstpsnonwnondnon_amovpercmstpsraswpstdnon
 3:43:49 "DayZ Epoch: PRELOAD Functions\init [[<No group>:0 (FunctionsManager)],any]"
 3:43:49 "DayZ Epoch: MPframework inited"
 3:44:17 Cannot create non-ai vehicle Land_Mil_Mil_Guardhouse,
 3:44:20 Warning Message: Cannot open object ibr\ibr_hangars\ibr_hangar.p3d
 3:44:20 ibr\ibr_hangars\ibr_hangar.p3d: No geometry and no visual shape
 3:44:20 ibr\ibr_hangars\ibr_hangar.p3d: No geometry and no visual shape
 3:44:20 ibr\ibr_hangars\ibr_hangar.p3d: No geometry and no visual shape
 3:44:20 ibr\ibr_hangars\ibr_hangar.p3d: No geometry and no visual shape
 3:44:20 Warning Message: Animation source Door01 not found in bin\config.bin/CfgVehicles/MAP_BarbGate/
 3:44:21 Warning Message: Animation source TakeWeapon_hide not found in bin\config.bin/CfgVehicles/MAP_Gunrack2/
 3:44:21 ca\misc\sphere2.p3d: No geometry and no visual shape
 3:44:21 ca\misc\sphere2.p3d: No geometry and no visual shape
 3:44:21 ca\misc\sphere2.p3d: No geometry and no visual shape
 3:44:21 ca\misc\sphere2.p3d: No geometry and no visual shape
 3:44:21 Warning Message: Animation source TakeWeapon_hide not found in bin\config.bin/CfgVehicles/MAP_Gunrack1/
 3:44:23 "Res3tting B!S effects..."
 3:44:23 "[AGN] Starting Trader City Safezone Commander!"
 3:44:23 "Error: Attempting to start AGN products on a server where it should not be!"
 3:44:23 Warning: z\addons\dayz_communityassets\models\compass.p3d:0 Error while trying to generate ST for points: 863, 853, 852
 3:44:24 "HIVE: Starting"
 3:44:24 "HIVE: trying to get objects"
 3:44:26 "HIVE: found 3038 objects"
 3:44:26 "HIVE: Commence Object Streaming..."
 3:44:29 "HIVE: got 2370 Epoch Objects and 668 Vehicles"
 3:44:33 "Res3tting B!S effects..."
 3:44:42 AH6X_DZ: FLIR_turret - unknown animation source FLIR_turret
 3:44:42 AH6X_DZ: FLIR_gun - unknown animation source FLIR_gun
 3:44:45 UH1Y_DZE: ObsTurret - unknown animation source ObsTurret
 3:44:45 UH1Y_DZE: ObsGun - unknown animation source ObsGun
 3:45:08 "HIVE: Vehicle Spawn limit reached!"
 3:45:08 "HIVE: Spawning # of Debris: 0"
 3:45:08 "HIVE: Spawning # of Ammo Boxes: 3"
 3:45:08 "HIVE: Spawning # of Veins: 50"
 3:45:08 "Total Number of spawn locations 5"
 3:45:09 "EPOCH EVENTS INIT"
 3:45:09 "DEBUG VEIN: Too many objects at [5122.5,8296.58]"
 3:45:09 "DEBUG VEIN: on road [11322.8,11444.6]"
 3:45:10 "TIME SYNC: Local Time set to [2013,8,3,17,45]"
 3:46:10 "[DZMS]: Starting DayZ Epoch Mission System."
 3:46:10 "[DZMS]: Relations not found! Using DZMS Relations."
 3:46:10 "[DZMS]: Mission and Extended Configuration Loaded!"
 3:46:10 "[DZMS]: chernarus Detected. Map Specific Settings Adjusted!"
 3:46:10 "[DZMS]: DayZ Epoch Detected! Some Scripts Adjusted!"
 3:46:10 "[DZMS]: Mission Functions Script Loaded!"
 3:46:10 "[DZMS]: Major Mission Clock Starting!"
 3:46:10 "[DZMS]: Minor Mission Clock Starting!"
 3:46:10 "[DZMS]: Mission Marker Loop for JIPs Starting!"
 3:46:26 "SAFE UNLOCKED: ID:111 UID:0 BY BluntScopes(4486214)"
 3:46:37 "[DZMS]: Running Minor Mission SM11."
 3:46:50 "SAFE LOCKED: ID:111 UID:0 BY BluntScopes(4486214)"
 3:47:02 "[DZMS]: Running Major Mission SM3."
 3:47:20 Error: Bone leftshoulder doesn't exist in some skeleton 
 3:47:20 Error: Bone rightshoulder doesn't exist in some skeleton 
 3:47:20 Error: Bone rightshoulder doesn't exist in some skeleton 
 3:47:20 Error: Bone leftshoulder doesn't exist in some skeleton 
 3:47:20 Error: Bone rightshoulder doesn't exist in some skeleton 
 3:47:20 Error: Bone leftshoulder doesn't exist in some skeleton 
 3:47:20 Error: Bone rightshoulder doesn't exist in some skeleton 
 3:47:20 Error: Bone leftshoulder doesn't exist in some skeleton 
 3:47:20 Error: Bone rightshoulder doesn't exist in some skeleton 
 3:47:20 Error: Bone leftshoulder doesn't exist in some skeleton 
 3:47:20 Error: Bone rightshoulder doesn't exist in some skeleton 
 3:47:20 Error: Bone leftshoulder doesn't exist in some skeleton 
 3:47:20 Error: Bone leftshoulder doesn't exist in some skeleton 
 3:47:20 Error: Bone rightshoulder doesn't exist in some skeleton 
 3:47:20 Error: Bone leftshoulder doesn't exist in some skeleton 
 3:47:20 Error: Bone rightshoulder doesn't exist in some skeleton 
 3:48:30 "CLEANUP: INITIALIZING CLEANUP SCRIPT"
 3:53:17 Server: Object 4:40 not found (message 99)
 3:53:30 "TIME SYNC: Local Time set to [2013,8,3,17,53]"
 3:58:30 "TIME SYNC: Local Time set to [2013,8,3,17,58]"
 3:58:39 bin\config.bin/CfgMovesZombie/States/AmovPercMrunSnonWnonDfr.InterpolateTo: item count not multiple of 2 (is 17)
 3:58:39   bin\config.bin/CfgMovesZombie/States/AmovPercMrunSnonWnonDfr.InterpolateTo: Bad move 
 3:58:39 bin\config.bin/CfgMovesZombie/States/AmovPpneMrunSnonWnonDl.InterpolateTo: item count not multiple of 2 (is 9)
 3:58:39   bin\config.bin/CfgMovesZombie/States/AmovPpneMrunSnonWnonDl.InterpolateTo: Bad move 
 3:58:39 bin\config.bin/CfgMovesZombie/States/AmovPpneMrunSnonWnonDb.InterpolateTo: item count not multiple of 2 (is 9)
 3:58:39   bin\config.bin/CfgMovesZombie/States/AmovPpneMrunSnonWnonDb.InterpolateTo: Bad move 
 3:58:39 bin\config.bin/CfgMovesZombie/States/AmovPpneMrunSnonWnonDbr.InterpolateTo: item count not multiple of 2 (is 9)
 3:58:39   bin\config.bin/CfgMovesZombie/States/AmovPpneMrunSnonWnonDbr.InterpolateTo: Bad move 
 3:58:39 bin\config.bin/CfgMovesZombie/States/AmovPpneMrunSnonWnonDfr.InterpolateTo: item count not multiple of 2 (is 11)
 3:58:39   bin\config.bin/CfgMovesZombie/States/AmovPpneMrunSnonWnonDfr.InterpolateTo: Bad move 
 3:58:39   bin\config.bin/CfgMovesZombie/States/AinvPknlMstpSnonWnonDnon_medic.ConnectTo: Bad move AinvPknlMstpSnonWnonDnon_medicEnd
 3:58:39   bin\config.bin/CfgMovesZombie/States/AinvPknlMstpSnonWnonDnon_medic.ConnectTo: Bad move AinvPknlMstpSnonWnonDnon_medic0S
 3:58:39   bin\config.bin/CfgMovesZombie/States/AinvPknlMstpSnonWnonDnon_medic.ConnectTo: Bad move AinvPknlMstpSnonWnonDnon_medic0
 3:58:39   bin\config.bin/CfgMovesZombie/States/AinvPknlMstpSnonWnonDnon_medic.ConnectTo: Bad move AinvPknlMstpSnonWnonDnon_medic1
 3:58:39   bin\config.bin/CfgMovesZombie/States/AinvPknlMstpSnonWnonDnon_medic.ConnectTo: Bad move AinvPknlMstpSnonWnonDnon_medic2
 3:58:39   bin\config.bin/CfgMovesZombie/States/AinvPknlMstpSnonWnonDnon_medic.ConnectTo: Bad move AinvPknlMstpSnonWnonDnon_medic3
 3:58:39   bin\config.bin/CfgMovesZombie/States/AinvPknlMstpSnonWnonDnon_medic.ConnectTo: Bad move AinvPknlMstpSnonWnonDr_medic3
 3:58:39   bin\config.bin/CfgMovesZombie/States/AinvPknlMstpSnonWnonDnon_medic.ConnectTo: Bad move AinvPknlMstpSnonWnonDr_medic4
 3:58:39   bin\config.bin/CfgMovesZombie/States/AinvPknlMstpSnonWnonDnon_medic.ConnectTo: Bad move AinvPknlMstpSnonWnonDr_medic5
 3:58:39   bin\config.bin/CfgMovesZombie/States/AinvPknlMstpSnonWnonDnon_medic.ConnectTo: Bad move AinvPknlMstpSnonWnonDnon_medic4
 3:58:39   bin\config.bin/CfgMovesZombie/States/AinvPknlMstpSnonWnonDnon_medic.ConnectTo: Bad move AinvPknlMstpSnonWnonDnon_medic5
 3:58:39   bin\config.bin/CfgMovesZombie/States/AinvPknlMstpSnonWnonDnon_medic.ConnectTo: Bad move AinvPknlMstpSnonWnonDr_medic0S
 3:58:39   bin\config.bin/CfgMovesZombie/States/AinvPknlMstpSnonWnonDnon_medic.ConnectTo: Bad move AinvPknlMstpSnonWnonDr_medic0
 3:58:39   bin\config.bin/CfgMovesZombie/States/AinvPknlMstpSnonWnonDnon_medic.ConnectTo: Bad move AinvPknlMstpSnonWnonDr_medic1
 3:58:39   bin\config.bin/CfgMovesZombie/States/AinvPknlMstpSnonWnonDnon_medic.ConnectTo: Bad move AinvPknlMstpSnonWnonDr_medic2
 3:58:39   bin\config.bin/CfgMovesZombie/States/AinvPknlMstpSnonWnonDnon_medic.InterpolateTo: Bad move AinvPknlMstpSnonWnonDnon_medic0S
 3:58:39   bin\config.bin/CfgMovesZombie/States/AinvPknlMstpSnonWnonDnon_medic.InterpolateTo: Bad move AinvPknlMstpSnonWnonDr_medic0S
 3:58:40 Warning: looped for animation: ca\anims\characters\data\anim\sdr\mov\erc\wlk\non\non\amovpercmwlksnonwnondf.rtm differs (looped now 1)! MoveName: amovpercmrunsnonwbindf_rfl
 3:58:41 Server: Object 4:82 not found (message 98)
 3:58:41 Server: Object 4:83 not found (message 91)
 3:58:41 Server: Object 4:87 not found (message 91)
 3:58:41 Server: Object 4:86 not found (message 99)
 3:58:41 Server: Object 4:89 not found (message 91)
 3:58:41 Server: Object 4:92 not found (message 98)
 3:58:41 Server: Object 4:93 not found (message 91)
 3:58:41 Server: Object 4:95 not found (message 91)
 3:58:41 Server: Object 4:94 not found (message 99)
 3:58:41 Server: Object 4:97 not found (message 91)
 3:58:41 Server: Object 4:99 not found (message 91)
 3:58:41 Server: Object 4:98 not found (message 99)
 3:58:41 Server: Object 4:101 not found (message 91)
 3:58:41 Server: Object 4:100 not found (message 99)
 3:58:56 Server: Object 4:145 not found (message 70)
 3:58:57 Server: Object 4:147 not found (message 70)
 3:58:57 Server: Object 4:148 not found (message 94)
 3:58:57 Server: Object 4:150 not found (message 94)
 3:58:57 Server: Object 4:151 not found (message 70)
 3:58:57 Server: Object 4:152 not found (message 70)
 3:58:57 Server: Object 4:149 not found (message 70)
 3:59:38 Server: Object 4:168 not found (message 99)
 3:59:38 Server: Object 4:168 not found (message 99)
 3:59:38 Server: Object 4:168 not found (message 99)
 3:59:38 Server: Object 4:168 not found (message 99)
 3:59:38 Server: Object 4:168 not found (message 99)
 3:59:38 Server: Object 4:169 not found (message 91)
 3:59:38 Server: Object 4:168 not found (message 99)
 3:59:38 Server: Object 4:168 not found (message 99)
 3:59:38 Server: Object 4:168 not found (message 99)
 3:59:38 Server: Object 4:168 not found (message 99)
 3:59:38 Server: Object 4:168 not found (message 99)
 3:59:39 Server: Object 4:91 not found (message 91)
 4:00:05 "RUNNING EVENT: crash_spawner on [2014,7,4,18,0]"
 4:00:05 "CRASHSPAWNER: 100% chance to start a crashing MV-22 with loot table 'MilitarySpecial'"
 4:00:05 "CRASHSPAWNER: MV-22 started

g from [15186,11857,300] to [5448.88,2105.49] NOW!(TIME:925||LT:MilitarySpecial)"
 4:02:55 "CRASHSPAWNER: MV-22 just exploded at [5714.15,2034.54,5.08111]!, "
 4:02:55 "CRASHSPAWNER: Loot spawn at '[5715.16,2038.41,0]' with loot table 'MilitarySpecial'"
 4:02:55 "CRASHSPAWNER: Loot spawn at '[5719.87,2036.42,0]' with loot table 'MilitarySpecial'"
 4:02:55 "CRASHSPAWNER: Loot spawn at '[5708.9,2027.41,0]' with loot table 'MilitarySpecial'"
 4:02:55 "CRASHSPAWNER: Loot spawn at '[5722.04,2029.62,0]' with loot table 'MilitarySpecial'"
 4:02:55 "CRASHSPAWNER: Loot spawn at '[5716.73,2043.15,0]' with loot table 'MilitarySpecial'"
 4:02:55 "CRASHSPAWNER: Loot spawn at '[5722.47,2043.77,0]' with loot table 'MilitarySpecial'"
 4:02:55 "CRASHSPAWNER: Loot spawn at '[5706.82,2034.44,0]' with loot table 'MilitarySpecial'"
 4:02:55 "CRASHSPAWNER: Loot spawn at '[5719.53,2026.07,0]' with loot table 'MilitarySpecial'"
 4:02:55 "CRASHSPAWNER: Loot spawn at '[5711.57,2044.02,0]' with loot table 'MilitarySpecial'"
 4:02:55 "CRASHSPAWNER: Loot spawn at '[5718.59,2040.49,0]' with loot table 'MilitarySpecial'"
 4:02:55 "CRASHSPAWNER: Loot spawn at '[5718.02,2031.82,0]' with loot table 'MilitarySpecial'"
 4:02:55 "CRASHSPAWNER: Crash completed! Wreck at: [5714.15,2034.57,-0.00136232] - Runtime: 170 Seconds || Distance from calculated POC: 275 meters"
 4:03:31 "TIME SYNC: Local Time set to [2013,8,3,18,3]"
 4:08:31 "TIME SYNC: Local Time set to [2013,8,3,18,8]"
 4:09:35 "CLEANUP: Deleted 14 Loot Piles out of 145"
 4:11:34 "CLEANUP: Deleted 1 Loot Piles out of 131"
 4:12:34 "CLEANUP: Deleted 1 Loot Piles out of 130"
 4:13:31 "TIME SYNC: Local Time set to [2013,8,3,18,13]"
 4:14:34 "CLEANUP: Deleted 1 Loot Piles out of 129"
 4:14:55 Server: Object 4:355 not found (message 98)
 4:14:55 Server: Object 4:356 not found (message 91)
 4:14:56 Server: Object 4:365 not found (message 99)
 4:14:56 Server: Object 4:366 not found (message 91)
 4:15:04 Server: Object 4:381 not found (message 94)
 4:15:04 Server: Object 4:378 not found (message 94)
 4:15:04 Server: Object 4:379 not found (message 94)
 4:15:04 Server: Object 4:380 not found (message 94)
 4:15:04 Server: Object 4:382 not found (message 70)
 4:15:04 Server: Object 4:414 not found (message 94)
 4:15:05 "RUNNING EVENT: supply_drop on [2014,7,4,18,15]"
 4:15:12 Server: Object 4:435 not found (message 98)
 4:15:12 Server: Object 4:434 not found (message 70)
 4:15:12 Server: Object 4:436 not found (message 91)
 4:15:12 Server: Object 4:437 not found (message 99)
 4:15:12 Server: Object 4:438 not found (message 91)
 4:15:13 Server: Object 4:449 not found (message 70)
 4:15:13 Server: Object 4:448 not found (message 94)
 4:15:13 Server: Object 4:444 not found (message 70)
 4:15:13 Server: Object 4:447 not found (message 70)
 4:15:13 Server: Object 4:446 not found (message 70)
 4:15:13 Server: Object 4:445 not found (message 70)
 4:15:13 Server: Object 4:451 not found (message 91)
 4:15:13 Server: Object 4:450 not found (message 99)
 4:15:13 Server: Object 4:458 not found (message 70)
 4:18:19 Server: Object 4:523 not found (message 98)
 4:18:19 Server: Object 4:524 not found (message 91)
 4:18:19 Server: Object 4:526 not found (message 91)
 4:18:19 Server: Object 4:525 not found (message 99)
 4:18:31 "TIME SYNC: Local Time set to [2013,8,3,18,18]"
 4:18:39 "CLEANUP: Deleted 56 Loot Piles out of 260"
 4:19:37 "CLEANUP: Deleted 40 Loot Piles out of 204"
 4:19:49 Server: Object 4:529 not found (message 98)
 4:19:49 Server: Object 4:530 not found (message 91)
 4:20:35 "CLEANUP: Deleted 3 Loot Piles out of 164"
 4:21:20 Server: Object 4:535 not found (message 98)
 4:21:20 Server: Object 4:536 not found (message 91)
 4:21:52 Server: Object 4:538 not found (message 91)
 4:21:52 Server: Object 4:537 not found (message 99)
 4:22:08 Server: Object 4:539 not found (message 99)
 4:22:08 Server: Object 4:540 not found (message 91)
 4:22:45 Server: Object 4:543 not found (message 98)
 4:22:45 Server: Object 4:544 not found (message 91)
 4:23:31 "TIME SYNC: Local Time set to [2013,8,3,18,23]"
 4:23:35 "CLEANUP: Deleted 3 Loot Piles out of 161"
 4:24:01 Server: Object 4:548 not found (message 91)
 4:24:01 Server: Object 4:547 not found (message 98)
 4:24:07 Server: Object 4:549 not found (message 98)
 4:24:07 Server: Object 4:550 not found (message 91)
 4:24:35 "CLEANUP: Deleted 14 Loot Piles out of 158"
 4:24:37 Server: Object 4:560 not found (message 94)
 4:24:37 Server: Object 4:557 not found (message 94)
 4:24:37 Server: Object 4:554 not found (message 94)
 4:24:37 Server: Object 4:555 not found (message 94)
 4:24:37 Server: Object 4:556 not found (message 94)
 4:24:37 Server: Object 4:562 not found (message 70)
 4:24:37 Server: Object 4:558 not found (message 94)
 4:24:37 Server: Object 4:561 not found (message 70)
 4:24:37 Server: Object 4:559 not found (message 94)
 4:24:37 Server: Object 4:565 not found (message 70)
 4:24:37 Server: Object 4:563 not found (message 94)
 4:24:37 Server: Object 4:566 not found (message 94)
 4:24:37 Server: Object 4:564 not found (message 94)
 4:24:37 Server: Object 4:567 not found (message 70)
 4:24:38 Server: Object 4:568 not found (message 94)
 4:24:38 Server: Object 4:571 not found (message 94)
 4:24:38 Server: Object 4:574 not found (message 94)
 4:24:38 Server: Object 4:569 not found (message 94)
 4:24:38 Server: Object 4:570 not found (message 94)
 4:24:38 Server: Object 4:573 not found (message 94)
 4:24:38 Server: Object 4:572 not found (message 94)
 4:24:38 Server: Object 4:575 not found (message 94)
 4:24:46 Server: Object 4:576 not found (message 94)
 4:24:46 Server: Object 4:577 not found (message 70)
 4:24:46 Server: Object 4:578 not found (message 70)
 4:24:46 Server: Object 4:580 not found (message 94)
 4:24:46 Server: Object 4:579 not found (message 94)
 4:24:46 Server: Object 4:581 not found (message 70)
 4:25:34 Server: Object 4:587 not found (message 94)
 4:26:23 Server: Object 4:592 not found (message 70)
 4:26:39 Server: Object 4:594 not found (message 70)
 4:26:39 Server: Object 4:593 not found (message 70)
